<?xml version="1.0" encoding="UTF-8"?>
<testsuite xmlns:xsi="http://www.w3.org/2001/XMLSchema-instance" xsi:noNamespaceSchemaLocation="https://maven.apache.org/surefire/maven-surefire-plugin/xsd/surefire-test-report.xsd" name="unit_tests.SampleUnitTest" time="17.179" tests="1" errors="0" skipped="0" failures="0">
  <properties>
    <property name="sun.desktop" value="windows"/>
    <property name="awt.toolkit" value="sun.awt.windows.WToolkit"/>
    <property name="file.encoding.pkg" value="sun.io"/>
    <property name="java.specification.version" value="1.8"/>
    <property name="sun.cpu.isalist" value="amd64"/>
    <property name="sun.jnu.encoding" value="Cp1252"/>
    <property name="java.class.path" value="C:\Users\akshaya computers\Desktop\r1\jsf\sampleWebApp\target\test-classes;C:\Users\akshaya computers\Desktop\r1\jsf\sampleWebApp\target\classes;C:\Users\akshaya computers\.m2\repository\com\sun\faces\jsf-api\2.2.14\jsf-api-2.2.14.jar;C:\Users\akshaya computers\.m2\repository\com\sun\faces\jsf-impl\2.2.14\jsf-impl-2.2.14.jar;C:\Users\akshaya computers\.m2\repository\javax\servlet\javax.servlet-api\3.1.0\javax.servlet-api-3.1.0.jar;C:\Users\akshaya computers\.m2\repository\org\junit\jupiter\junit-jupiter-api\5.1.0\junit-jupiter-api-5.1.0.jar;C:\Users\akshaya computers\.m2\repository\org\apiguardian\apiguardian-api\1.0.0\apiguardian-api-1.0.0.jar;C:\Users\akshaya computers\.m2\repository\org\opentest4j\opentest4j\1.0.0\opentest4j-1.0.0.jar;C:\Users\akshaya computers\.m2\repository\org\junit\platform\junit-platform-commons\1.1.0\junit-platform-commons-1.1.0.jar;C:\Users\akshaya computers\.m2\repository\org\junit\vintage\junit-vintage-engine\5.1.0\junit-vintage-engine-5.1.0.jar;C:\Users\akshaya computers\.m2\repository\org\junit\platform\junit-platform-engine\1.1.0\junit-platform-engine-1.1.0.jar;C:\Users\akshaya computers\.m2\repository\junit\junit\4.12\junit-4.12.jar;C:\Users\akshaya computers\.m2\repository\org\hamcrest\hamcrest-core\1.3\hamcrest-core-1.3.jar;C:\Users\akshaya computers\.m2\repository\org\junit\platform\junit-platform-launcher\1.1.0\junit-platform-launcher-1.1.0.jar;C:\Users\akshaya computers\.m2\repository\org\junit\platform\junit-platform-runner\1.1.0\junit-platform-runner-1.1.0.jar;C:\Users\akshaya computers\.m2\repository\org\junit\platform\junit-platform-suite-api\1.1.0\junit-platform-suite-api-1.1.0.jar;C:\Users\akshaya computers\.m2\repository\org\junit\platform\junit-platform-surefire-provider\1.2.0\junit-platform-surefire-provider-1.2.0.jar;C:\Users\akshaya computers\.m2\repository\org\apache\maven\surefire\surefire-api\2.21.0\surefire-api-2.21.0.jar;C:\Users\akshaya computers\.m2\repository\org\apache\maven\surefire\surefire-logger-api\2.21.0\surefire-logger-api-2.21.0.jar;C:\Users\akshaya computers\.m2\repository\org\apache\maven\surefire\common-java5\2.21.0\common-java5-2.21.0.jar;C:\Users\akshaya computers\.m2\repository\org\richfaces\framework\jsf-test\3.3.4-SNAPSHOT\jsf-test-3.3.4-SNAPSHOT.jar;C:\Users\akshaya computers\.m2\repository\net\sourceforge\htmlunit\htmlunit\2.4\htmlunit-2.4.jar;C:\Users\akshaya computers\.m2\repository\commons-codec\commons-codec\1.3\commons-codec-1.3.jar;C:\Users\akshaya computers\.m2\repository\net\sourceforge\nekohtml\nekohtml\1.9.11\nekohtml-1.9.11.jar;C:\Users\akshaya computers\.m2\repository\el-impl\el-impl\1.0\el-impl-1.0.jar;C:\Users\akshaya computers\.m2\repository\commons-httpclient\commons-httpclient\3.1\commons-httpclient-3.1.jar;C:\Users\akshaya computers\.m2\repository\net\sourceforge\htmlunit\htmlunit-core-js\2.4\htmlunit-core-js-2.4.jar;C:\Users\akshaya computers\.m2\repository\net\sourceforge\cssparser\cssparser\0.9.5\cssparser-0.9.5.jar;C:\Users\akshaya computers\.m2\repository\org\w3c\css\sac\1.3\sac-1.3.jar;C:\Users\akshaya computers\.m2\repository\commons-io\commons-io\1.4\commons-io-1.4.jar;C:\Users\akshaya computers\.m2\repository\commons-lang\commons-lang\2.4\commons-lang-2.4.jar;C:\Users\akshaya computers\.m2\repository\commons-collections\commons-collections\3.2.1\commons-collections-3.2.1.jar;C:\Users\akshaya computers\.m2\repository\nekohtml\nekohtml\1.9.6\nekohtml-1.9.6.jar;C:\Users\akshaya computers\.m2\repository\xerces\xercesImpl\2.8.1\xercesImpl-2.8.1.jar;C:\Users\akshaya computers\.m2\repository\javax\el\el-api\2.2\el-api-2.2.jar;C:\Users\akshaya computers\.m2\repository\javax\servlet\servlet-api\2.5\servlet-api-2.5.jar;C:\Users\akshaya computers\.m2\repository\javax\servlet\jsp\jsp-api\2.1\jsp-api-2.1.jar;C:\Users\akshaya computers\.m2\repository\javax\servlet\jstl\1.2\jstl-1.2.jar;C:\Users\akshaya computers\.m2\repository\javax\annotation\jsr250-api\1.0\jsr250-api-1.0.jar;C:\Users\akshaya computers\.m2\repository\xalan\xalan\2.7.1\xalan-2.7.1.jar;C:\Users\akshaya computers\.m2\repository\xalan\serializer\2.7.1\serializer-2.7.1.jar;C:\Users\akshaya computers\.m2\repository\de\berlios\jsunit\jsunit\1.3\jsunit-1.3.jar;C:\Users\akshaya computers\.m2\repository\commons-logging\commons-logging\1.0.4\commons-logging-1.0.4.jar;"/>
    <property name="java.vm.vendor" value="Oracle Corporation"/>
    <property name="sun.arch.data.model" value="64"/>
    <property name="user.variant" value=""/>
    <property name="java.vendor.url" value="http://java.oracle.com/"/>
    <property name="user.timezone" value="Asia/Calcutta"/>
    <property name="java.vm.specification.version" value="1.8"/>
    <property name="os.name" value="Windows 10"/>
    <property name="user.country" value="US"/>
    <property name="sun.java.launcher" value="SUN_STANDARD"/>
    <property name="sun.boot.library.path" value="C:\Program Files\Java\jdk1.8.0_241\jre\bin"/>
    <property name="sun.java.command" value="C:\Users\AKSHAY~1\AppData\Local\Temp\surefire2203717230355162497\surefirebooter4629336548159599688.jar C:\Users\akshaya computers\AppData\Local\Temp\surefire2203717230355162497 2020-04-29T21-09-41_148-jvmRun1 surefire457379403468054339tmp surefire_07874366136653370920tmp"/>
    <property name="surefire.test.class.path" value="C:\Users\akshaya computers\Desktop\r1\jsf\sampleWebApp\target\test-classes;C:\Users\akshaya computers\Desktop\r1\jsf\sampleWebApp\target\classes;C:\Users\akshaya computers\.m2\repository\com\sun\faces\jsf-api\2.2.14\jsf-api-2.2.14.jar;C:\Users\akshaya computers\.m2\repository\com\sun\faces\jsf-impl\2.2.14\jsf-impl-2.2.14.jar;C:\Users\akshaya computers\.m2\repository\javax\servlet\javax.servlet-api\3.1.0\javax.servlet-api-3.1.0.jar;C:\Users\akshaya computers\.m2\repository\org\junit\jupiter\junit-jupiter-api\5.1.0\junit-jupiter-api-5.1.0.jar;C:\Users\akshaya computers\.m2\repository\org\apiguardian\apiguardian-api\1.0.0\apiguardian-api-1.0.0.jar;C:\Users\akshaya computers\.m2\repository\org\opentest4j\opentest4j\1.0.0\opentest4j-1.0.0.jar;C:\Users\akshaya computers\.m2\repository\org\junit\platform\junit-platform-commons\1.1.0\junit-platform-commons-1.1.0.jar;C:\Users\akshaya computers\.m2\repository\org\junit\vintage\junit-vintage-engine\5.1.0\junit-vintage-engine-5.1.0.jar;C:\Users\akshaya computers\.m2\repository\org\junit\platform\junit-platform-engine\1.1.0\junit-platform-engine-1.1.0.jar;C:\Users\akshaya computers\.m2\repository\junit\junit\4.12\junit-4.12.jar;C:\Users\akshaya computers\.m2\repository\org\hamcrest\hamcrest-core\1.3\hamcrest-core-1.3.jar;C:\Users\akshaya computers\.m2\repository\org\junit\platform\junit-platform-launcher\1.1.0\junit-platform-launcher-1.1.0.jar;C:\Users\akshaya computers\.m2\repository\org\junit\platform\junit-platform-runner\1.1.0\junit-platform-runner-1.1.0.jar;C:\Users\akshaya computers\.m2\repository\org\junit\platform\junit-platform-suite-api\1.1.0\junit-platform-suite-api-1.1.0.jar;C:\Users\akshaya computers\.m2\repository\org\junit\platform\junit-platform-surefire-provider\1.2.0\junit-platform-surefire-provider-1.2.0.jar;C:\Users\akshaya computers\.m2\repository\org\apache\maven\surefire\surefire-api\2.21.0\surefire-api-2.21.0.jar;C:\Users\akshaya computers\.m2\repository\org\apache\maven\surefire\surefire-logger-api\2.21.0\surefire-logger-api-2.21.0.jar;C:\Users\akshaya computers\.m2\repository\org\apache\maven\surefire\common-java5\2.21.0\common-java5-2.21.0.jar;C:\Users\akshaya computers\.m2\repository\org\richfaces\framework\jsf-test\3.3.4-SNAPSHOT\jsf-test-3.3.4-SNAPSHOT.jar;C:\Users\akshaya computers\.m2\repository\net\sourceforge\htmlunit\htmlunit\2.4\htmlunit-2.4.jar;C:\Users\akshaya computers\.m2\repository\commons-codec\commons-codec\1.3\commons-codec-1.3.jar;C:\Users\akshaya computers\.m2\repository\net\sourceforge\nekohtml\nekohtml\1.9.11\nekohtml-1.9.11.jar;C:\Users\akshaya computers\.m2\repository\el-impl\el-impl\1.0\el-impl-1.0.jar;C:\Users\akshaya computers\.m2\repository\commons-httpclient\commons-httpclient\3.1\commons-httpclient-3.1.jar;C:\Users\akshaya computers\.m2\repository\net\sourceforge\htmlunit\htmlunit-core-js\2.4\htmlunit-core-js-2.4.jar;C:\Users\akshaya computers\.m2\repository\net\sourceforge\cssparser\cssparser\0.9.5\cssparser-0.9.5.jar;C:\Users\akshaya computers\.m2\repository\org\w3c\css\sac\1.3\sac-1.3.jar;C:\Users\akshaya computers\.m2\repository\commons-io\commons-io\1.4\commons-io-1.4.jar;C:\Users\akshaya computers\.m2\repository\commons-lang\commons-lang\2.4\commons-lang-2.4.jar;C:\Users\akshaya computers\.m2\repository\commons-collections\commons-collections\3.2.1\commons-collections-3.2.1.jar;C:\Users\akshaya computers\.m2\repository\nekohtml\nekohtml\1.9.6\nekohtml-1.9.6.jar;C:\Users\akshaya computers\.m2\repository\xerces\xercesImpl\2.8.1\xercesImpl-2.8.1.jar;C:\Users\akshaya computers\.m2\repository\javax\el\el-api\2.2\el-api-2.2.jar;C:\Users\akshaya computers\.m2\repository\javax\servlet\servlet-api\2.5\servlet-api-2.5.jar;C:\Users\akshaya computers\.m2\repository\javax\servlet\jsp\jsp-api\2.1\jsp-api-2.1.jar;C:\Users\akshaya computers\.m2\repository\javax\servlet\jstl\1.2\jstl-1.2.jar;C:\Users\akshaya computers\.m2\repository\javax\annotation\jsr250-api\1.0\jsr250-api-1.0.jar;C:\Users\akshaya computers\.m2\repository\xalan\xalan\2.7.1\xalan-2.7.1.jar;C:\Users\akshaya computers\.m2\repository\xalan\serializer\2.7.1\serializer-2.7.1.jar;C:\Users\akshaya computers\.m2\repository\de\berlios\jsunit\jsunit\1.3\jsunit-1.3.jar;C:\Users\akshaya computers\.m2\repository\commons-logging\commons-logging\1.0.4\commons-logging-1.0.4.jar;"/>
    <property name="sun.cpu.endian" value="little"/>
    <property name="user.home" value="C:\Users\akshaya computers"/>
    <property name="user.language" value="en"/>
    <property name="java.specification.vendor" value="Oracle Corporation"/>
    <property name="java.home" value="C:\Program Files\Java\jdk1.8.0_241\jre"/>
    <property name="basedir" value="C:\Users\akshaya computers\Desktop\r1\jsf\sampleWebApp"/>
    <property name="file.separator" value="\"/>
    <property name="line.separator" value="&#10;"/>
    <property name="java.vm.specification.vendor" value="Oracle Corporation"/>
    <property name="java.specification.name" value="Java Platform API Specification"/>
    <property name="java.awt.graphicsenv" value="sun.awt.Win32GraphicsEnvironment"/>
    <property name="surefire.real.class.path" value="C:\Users\AKSHAY~1\AppData\Local\Temp\surefire2203717230355162497\surefirebooter4629336548159599688.jar"/>
    <property name="sun.boot.class.path" value="C:\Program Files\Java\jdk1.8.0_241\jre\lib\resources.jar;C:\Program Files\Java\jdk1.8.0_241\jre\lib\rt.jar;C:\Program Files\Java\jdk1.8.0_241\jre\lib\sunrsasign.jar;C:\Program Files\Java\jdk1.8.0_241\jre\lib\jsse.jar;C:\Program Files\Java\jdk1.8.0_241\jre\lib\jce.jar;C:\Program Files\Java\jdk1.8.0_241\jre\lib\charsets.jar;C:\Program Files\Java\jdk1.8.0_241\jre\lib\jfr.jar;C:\Program Files\Java\jdk1.8.0_241\jre\classes"/>
    <property name="user.script" value=""/>
    <property name="sun.management.compiler" value="HotSpot 64-Bit Tiered Compilers"/>
    <property name="java.runtime.version" value="1.8.0_241-b07"/>
    <property name="user.name" value="akshaya computers"/>
    <property name="path.separator" value=";"/>
    <property name="os.version" value="10.0"/>
    <property name="java.endorsed.dirs" value="C:\Program Files\Java\jdk1.8.0_241\jre\lib\endorsed"/>
    <property name="java.runtime.name" value="Java(TM) SE Runtime Environment"/>
    <property name="file.encoding" value="Cp1252"/>
    <property name="java.vm.name" value="Java HotSpot(TM) 64-Bit Server VM"/>
    <property name="localRepository" value="C:\Users\akshaya computers\.m2\repository"/>
    <property name="java.vendor.url.bug" value="http://bugreport.sun.com/bugreport/"/>
    <property name="java.io.tmpdir" value="C:\Users\AKSHAY~1\AppData\Local\Temp\"/>
    <property name="java.version" value="1.8.0_241"/>
    <property name="user.dir" value="C:\Users\akshaya computers\Desktop\r1\jsf\sampleWebApp"/>
    <property name="os.arch" value="amd64"/>
    <property name="java.vm.specification.name" value="Java Virtual Machine Specification"/>
    <property name="java.awt.printerjob" value="sun.awt.windows.WPrinterJob"/>
    <property name="sun.os.patch.level" value=""/>
    <property name="java.library.path" value="C:\Program Files\Java\jdk1.8.0_241\jre\bin;C:\WINDOWS\Sun\Java\bin;C:\WINDOWS\system32;C:\WINDOWS;C:\Users\akshaya computers\bin;C:\Program Files\Git\mingw64\bin;C:\Program Files\Git\usr\local\bin;C:\Program Files\Git\usr\bin;C:\Program Files\Git\usr\bin;C:\Program Files\Git\mingw64\bin;C:\Program Files\Git\usr\bin;C:\Users\akshaya computers\bin;C:\Program Files (x86)\Common Files\Oracle\Java\javapath;C:\WINDOWS\system32;C:\WINDOWS;C:\WINDOWS\System32\Wbem;C:\WINDOWS\System32\WindowsPowerShell\v1.0;C:\WINDOWS\System32\OpenSSH;C:\Program Files\Sublime Text 3;C:\HashiCorp\Vagrant\bin;C:\Program Files\Java\jdk1.8.0_241;C:\Users\akshaya computers\Desktop\DevOps\apache-maven-3.6.3\bin;C:\Program Files\Git\cmd;C:\Program Files\PuTTY;C:\Users\akshaya computers\AppData\Local\Microsoft\WindowsApps;C:\Program Files\Sublime Text 3;C:\Program Files\Java\jdk1.8.0_241;C:\Users\akshaya computers\Desktop\DevOps\apache-maven-3.6.3\bin;C:\Program Files\Git\usr\bin\vendor_perl;C:\Program Files\Git\usr\bin\core_perl;."/>
    <property name="java.vm.info" value="mixed mode"/>
    <property name="java.vendor" value="Oracle Corporation"/>
    <property name="java.vm.version" value="25.241-b07"/>
    <property name="java.ext.dirs" value="C:\Program Files\Java\jdk1.8.0_241\jre\lib\ext;C:\WINDOWS\Sun\Java\lib\ext"/>
    <property name="sun.io.unicode.encoding" value="UnicodeLittle"/>
    <property name="java.class.version" value="52.0"/>
  </properties>
  <testcase name="testTitleAssert" classname="unit_tests.SampleUnitTest" time="17.169"/>
</testsuite>